2022-08-18 15:30:01,949 [INFO]: Loading...
2022-08-18 15:30:01,950 [INFO]: Loading new app instance...
2022-08-18 15:30:02,008 [INFO]: Finished loading
2022-08-18 15:30:04,541 [INFO]: Loading single player...
2022-08-18 15:30:04,541 [INFO]: Loading new app instance...
2022-08-18 15:30:04,598 [INFO]: GUI successfully created
2022-08-18 15:30:07,306 [INFO]: Loading...
2022-08-18 15:30:07,307 [INFO]: Loading new app instance...
2022-08-18 15:30:07,365 [INFO]: Finished loading
2022-08-18 15:30:12,384 [INFO]: Closing Pit Mopper...
2022-08-18 15:30:14,486 [INFO]: Loading...
2022-08-18 15:30:14,487 [INFO]: Loading new app instance...
2022-08-18 15:30:14,544 [INFO]: Finished loading
2022-08-18 15:30:15,900 [INFO]: Loading multiplayer...
2022-08-18 15:30:15,907 [INFO]: Loading new app instance...
2022-08-18 15:30:15,975 [INFO]: GUI successfully created
2022-08-18 15:30:15,975 [INFO]: Waiting for player...
2022-08-18 15:30:20,844 [INFO]: Loading multiplayer...
2022-08-18 15:30:20,849 [INFO]: Loading new app instance...
2022-08-18 15:30:20,901 [INFO]: GUI successfully created
2022-08-18 15:30:20,902 [INFO]: Waiting for player...
2022-08-18 15:30:20,903 [INFO]: Player joined, starting game
2022-08-18 15:30:20,913 [INFO]: Player joined, starting game
2022-08-18 15:30:28,010 [INFO]: The game is over, and it is lost.
2022-08-18 15:30:38,783 [INFO]: Game Over, ended in a loss
2022-08-18 15:30:38,800 [INFO]: Restarting connection...
2022-08-18 15:30:39,808 [INFO]: Waiting for new player...
2022-08-18 15:30:42,146 [INFO]: Game Over, ended in a victory
2022-08-18 15:30:42,163 [INFO]: Restarting connection...
2022-08-18 15:30:43,168 [INFO]: Waiting for new player...
2022-08-18 15:30:43,184 [INFO]: Player joined, starting game
2022-08-18 15:30:43,193 [INFO]: Player joined, starting game
2022-08-18 15:30:44,807 [INFO]: The game is over, and it is lost.
2022-08-18 15:30:47,107 [INFO]: Game Over, ended in a loss
2022-08-18 15:30:47,125 [INFO]: Restarting connection...
2022-08-18 15:30:48,132 [INFO]: Waiting for new player...
2022-08-18 15:30:56,013 [INFO]: Game Over, ended in a victory
2022-08-18 15:30:56,031 [INFO]: Restarting connection...
2022-08-18 15:30:57,041 [INFO]: Waiting for new player...
2022-08-18 15:30:57,059 [INFO]: Player joined, starting game
2022-08-18 15:30:57,062 [INFO]: Player joined, starting game
2022-08-18 15:31:08,788 [INFO]: The game is over, and it is lost.
2022-08-18 15:31:12,503 [INFO]: Game Over, ended in a loss
2022-08-18 15:31:12,521 [INFO]: Restarting connection...
2022-08-18 15:31:13,529 [INFO]: Waiting for new player...
2022-08-18 15:31:15,570 [INFO]: Game Over, ended in a victory
2022-08-18 15:31:15,594 [INFO]: Restarting connection...
2022-08-18 15:31:16,602 [INFO]: Waiting for new player...
2022-08-18 15:31:16,617 [INFO]: Player joined, starting game
2022-08-18 15:31:16,622 [INFO]: Player joined, starting game
2022-08-18 15:31:18,594 [INFO]: Closing Pit Mopper...
2022-08-18 15:31:21,653 [ERROR]: It seems like the player has disconnected
2022-08-18 15:31:21,658 [INFO]: Restarting connection...
2022-08-18 15:31:22,663 [INFO]: Waiting for new player...
2022-08-18 15:31:30,961 [INFO]: Closing Pit Mopper...
